2018-06-04 19:58:30: -- Analysis Started by User Command
2018-06-04 19:58:30: L: State file does not exist: /Users/henning/Code/faceoff2/_gsdata_/_file_state_v4._gs
2018-06-04 19:58:32: Changes: 34156, Conflicts: 0, CopyTime: 0, FixState: 43, Errors: 0, All: 34921
2018-06-04 19:58:32: Left to Right: Copy File: 34138 Delete File: 18 
2018-06-04 19:58:32: -- Analysis Complete. Time 00:00:04, Speed: 8719 files/s
2018-06-04 19:58:32: 
2018-06-04 19:59:05: == Sync Started by User Command
2018-06-04 19:59:06: Delete File 'sftp://scp.domeneshop.no/www/.htaccess'
2018-06-04 19:59:06: Delete File 'sftp://scp.domeneshop.no/www/3rdpartylicenses.txt'
2018-06-04 19:59:06: Delete File 'sftp://scp.domeneshop.no/www/assets/header.png'
2018-06-04 19:59:06: Delete File 'sftp://scp.domeneshop.no/www/assets/header.svg'
2018-06-04 19:59:06: Delete Folder 'sftp://scp.domeneshop.no/www/assets'
2018-06-04 19:59:06: Delete File 'sftp://scp.domeneshop.no/www/favicon.ico'
2018-06-04 19:59:06: Delete File 'sftp://scp.domeneshop.no/www/fontawesome-webfont.674f50d287a8c48dc19b.eot'
2018-06-04 19:59:06: Delete File 'sftp://scp.domeneshop.no/www/fontawesome-webfont.912ec66d7572ff821749.svg'
2018-06-04 19:59:06: Delete File 'sftp://scp.domeneshop.no/www/fontawesome-webfont.af7ae505a9eed503f8b8.woff2'
2018-06-04 19:59:06: Delete File 'sftp://scp.domeneshop.no/www/fontawesome-webfont.b06871f281fee6b241d6.ttf'
2018-06-04 19:59:06: Delete File 'sftp://scp.domeneshop.no/www/fontawesome-webfont.fee66e712a8a08eef580.woff'
2018-06-04 19:59:06: Delete File 'sftp://scp.domeneshop.no/www/index.html'
2018-06-04 19:59:06: Delete File 'sftp://scp.domeneshop.no/www/inline.fe9c52db658d4f957cc8.bundle.js'
2018-06-04 19:59:06: Delete File 'sftp://scp.domeneshop.no/www/main.7a7c716413f68c94a7e1.bundle.js'
2018-06-04 19:59:06: Delete File 'sftp://scp.domeneshop.no/www/polyfills.abe02a34147061ad3e02.bundle.js'
2018-06-04 19:59:06: Delete File 'sftp://scp.domeneshop.no/www/scripts.652d71aaf04117c98876.bundle.js'
2018-06-04 19:59:06: Delete File 'sftp://scp.domeneshop.no/www/styles.453c5a99c5b128d4c989.bundle.css'
2018-06-04 19:59:06: Delete File 'sftp://scp.domeneshop.no/www/vendor.a88609d477d6a8a7f7f2.bundle.js'
2018-06-04 19:59:06: Create Folder 'sftp://scp.domeneshop.no/www/dist'
2018-06-04 19:59:06: Create Folder 'sftp://scp.domeneshop.no/www/dist/faceoff'
2018-06-04 19:59:06: Create Folder 'sftp://scp.domeneshop.no/www/dist/faceoff/assets'
2018-06-04 19:59:06: Create Folder 'sftp://scp.domeneshop.no/www/e2e'
2018-06-04 19:59:06: Create Folder 'sftp://scp.domeneshop.no/www/e2e/src'
2018-06-04 19:59:06: Create Folder 'sftp://scp.domeneshop.no/www/node_modules'
2018-06-04 19:59:06: Create Folder 'sftp://scp.domeneshop.no/www/node_modules/@angular'
2018-06-04 19:59:06: Create Folder 'sftp://scp.domeneshop.no/www/node_modules/@angular/cdk'
2018-06-04 19:59:06: Create Folder 'sftp://scp.domeneshop.no/www/node_modules/@angular/cdk/a11y'
2018-06-04 19:59:06: Create Folder 'sftp://scp.domeneshop.no/www/node_modules/@angular/cdk/a11y/typings'
2018-06-04 19:59:06: Create Folder 'sftp://scp.domeneshop.no/www/node_modules/@angular/cdk/a11y/typings/aria-describer'
2018-06-04 19:59:06: Create Folder 'sftp://scp.domeneshop.no/www/node_modules/@angular/cdk/a11y/typings/focus-monitor'
2018-06-04 19:59:06: Create Folder 'sftp://scp.domeneshop.no/www/node_modules/@angular/cdk/a11y/typings/focus-trap'
2018-06-04 19:59:06: Create Folder 'sftp://scp.domeneshop.no/www/node_modules/@angular/cdk/a11y/typings/interactivity-checker'
2018-06-04 19:59:06: Create Folder 'sftp://scp.domeneshop.no/www/node_modules/@angular/cdk/a11y/typings/key-manager'
2018-06-04 19:59:06: Create Folder 'sftp://scp.domeneshop.no/www/node_modules/@angular/cdk/a11y/typings/live-announcer'
2018-06-04 19:59:06: Create Folder 'sftp://scp.domeneshop.no/www/node_modules/@angular/cdk/accordion'
2018-06-04 19:59:06: Create Folder 'sftp://scp.domeneshop.no/www/node_modules/@angular/cdk/accordion/typings'
2018-06-04 19:59:06: Create Folder 'sftp://scp.domeneshop.no/www/node_modules/@angular/cdk/bidi'
2018-06-04 19:59:06: Create Folder 'sftp://scp.domeneshop.no/www/node_modules/@angular/cdk/bidi/typings'
2018-06-04 19:59:06: Create Folder 'sftp://scp.domeneshop.no/www/node_modules/@angular/cdk/bundles'
2018-06-04 19:59:06: Create Folder 'sftp://scp.domeneshop.no/www/node_modules/@angular/cdk/coercion'
2018-06-04 19:59:06: Create Folder 'sftp://scp.domeneshop.no/www/node_modules/@angular/cdk/coercion/typings'
2018-06-04 19:59:06: Create Folder 'sftp://scp.domeneshop.no/www/node_modules/@angular/cdk/collections'
2018-06-04 19:59:06: Create Folder 'sftp://scp.domeneshop.no/www/node_modules/@angular/cdk/collections/typings'
2018-06-04 19:59:06: Create Folder 'sftp://scp.domeneshop.no/www/node_modules/@angular/cdk/esm2015'
2018-06-04 19:59:06: Create Folder 'sftp://scp.domeneshop.no/www/node_modules/@angular/cdk/esm5'
2018-06-04 19:59:06: Create Folder 'sftp://scp.domeneshop.no/www/node_modules/@angular/cdk/keycodes'
2018-06-04 19:59:06: Create Folder 'sftp://scp.domeneshop.no/www/node_modules/@angular/cdk/keycodes/typings'
2018-06-04 19:59:06: Create Folder 'sftp://scp.domeneshop.no/www/node_modules/@angular/cdk/layout'
2018-06-04 19:59:06: Create Folder 'sftp://scp.domeneshop.no/www/node_modules/@angular/cdk/layout/typings'
2018-06-04 19:59:06: Create Folder 'sftp://scp.domeneshop.no/www/node_modules/@angular/cdk/observers'
2018-06-04 19:59:06: Create Folder 'sftp://scp.domeneshop.no/www/node_modules/@angular/cdk/observers/typings'
2018-06-04 19:59:06: Create Folder 'sftp://scp.domeneshop.no/www/node_modules/@angular/cdk/overlay'
2018-06-04 19:59:06: Create Folder 'sftp://scp.domeneshop.no/www/node_modules/@angular/cdk/overlay/typings'
2018-06-04 19:59:06: Create Folder 'sftp://scp.domeneshop.no/www/node_modules/@angular/cdk/overlay/typings/keyboard'
2018-06-04 19:59:06: Create Folder 'sftp://scp.domeneshop.no/www/node_modules/@angular/cdk/overlay/typings/position'
2018-06-04 19:59:06: Create Folder 'sftp://scp.domeneshop.no/www/node_modules/@angular/cdk/overlay/typings/scroll'
2018-06-04 19:59:06: Create Folder 'sftp://scp.domeneshop.no/www/node_modules/@angular/cdk/platform'
2018-06-04 19:59:06: Create Folder 'sftp://scp.domeneshop.no/www/node_modules/@angular/cdk/platform/typings'
2018-06-04 19:59:06: Create Folder 'sftp://scp.domeneshop.no/www/node_modules/@angular/cdk/portal'
2018-06-04 19:59:06: Create Folder 'sftp://scp.domeneshop.no/www/node_modules/@angular/cdk/portal/typings'
2018-06-04 19:59:06: Create Folder 'sftp://scp.domeneshop.no/www/node_modules/@angular/cdk/scrolling'
2018-06-04 19:59:07: Create Folder 'sftp://scp.domeneshop.no/www/node_modules/@angular/cdk/scrolling/typings'
2018-06-04 19:59:07: Create Folder 'sftp://scp.domeneshop.no/www/node_modules/@angular/cdk/stepper'
2018-06-04 19:59:07: Create Folder 'sftp://scp.domeneshop.no/www/node_modules/@angular/cdk/stepper/typings'
2018-06-04 19:59:07: Create Folder 'sftp://scp.domeneshop.no/www/node_modules/@angular/cdk/table'
2018-06-04 19:59:07: Create Folder 'sftp://scp.domeneshop.no/www/node_modules/@angular/cdk/table/typings'
2018-06-04 19:59:07: Create Folder 'sftp://scp.domeneshop.no/www/node_modules/@angular/cdk/text-field'
2018-06-04 19:59:07: Create Folder 'sftp://scp.domeneshop.no/www/node_modules/@angular/cdk/text-field/typings'
2018-06-04 19:59:07: Create Folder 'sftp://scp.domeneshop.no/www/node_modules/@angular/cdk/tree'
2018-06-04 19:59:07: Create Folder 'sftp://scp.domeneshop.no/www/node_modules/@angular/cdk/tree/typings'
2018-06-04 19:59:07: Create Folder 'sftp://scp.domeneshop.no/www/node_modules/@angular/cdk/tree/typings/control'
2018-06-04 19:59:07: Create Folder 'sftp://scp.domeneshop.no/www/node_modules/@angular/cdk/typings'
2018-06-04 19:59:07: Create Folder 'sftp://scp.domeneshop.no/www/node_modules/@angular/cdk/typings/a11y'
2018-06-04 19:59:07: Create Folder 'sftp://scp.domeneshop.no/www/node_modules/@angular/cdk/typings/a11y/aria-describer'
2018-06-04 19:59:07: Create Folder 'sftp://scp.domeneshop.no/www/node_modules/@angular/cdk/typings/a11y/focus-monitor'
2018-06-04 19:59:07: Create Folder 'sftp://scp.domeneshop.no/www/node_modules/@angular/cdk/typings/a11y/focus-trap'
2018-06-04 19:59:07: Create Folder 'sftp://scp.domeneshop.no/www/node_modules/@angular/cdk/typings/a11y/interactivity-checker'
2018-06-04 19:59:07: Create Folder 'sftp://scp.domeneshop.no/www/node_modules/@angular/cdk/typings/a11y/key-manager'
2018-06-04 19:59:07: Create Folder 'sftp://scp.domeneshop.no/www/node_modules/@angular/cdk/typings/a11y/live-announcer'
2018-06-04 19:59:07: Create Folder 'sftp://scp.domeneshop.no/www/node_modules/@angular/cdk/typings/accordion'
2018-06-04 19:59:07: Create Folder 'sftp://scp.domeneshop.no/www/node_modules/@angular/cdk/typings/bidi'
2018-06-04 19:59:07: Create Folder 'sftp://scp.domeneshop.no/www/node_modules/@angular/cdk/typings/coercion'
2018-06-04 19:59:07: Create Folder 'sftp://scp.domeneshop.no/www/node_modules/@angular/cdk/typings/collections'
2018-06-04 19:59:07: Create Folder 'sftp://scp.domeneshop.no/www/node_modules/@angular/cdk/typings/esm5'
2018-06-04 19:59:07: Create Folder 'sftp://scp.domeneshop.no/www/node_modules/@angular/cdk/typings/esm5/a11y'
2018-06-04 19:59:07: Create Folder 'sftp://scp.domeneshop.no/www/node_modules/@angular/cdk/typings/esm5/a11y/aria-describer'
2018-06-04 19:59:07: Create Folder 'sftp://scp.domeneshop.no/www/node_modules/@angular/cdk/typings/esm5/a11y/focus-monitor'
2018-06-04 19:59:07: Create Folder 'sftp://scp.domeneshop.no/www/node_modules/@angular/cdk/typings/esm5/a11y/focus-trap'
2018-06-04 19:59:07: Create Folder 'sftp://scp.domeneshop.no/www/node_modules/@angular/cdk/typings/esm5/a11y/interactivity-checker'
2018-06-04 19:59:07: Create Folder 'sftp://scp.domeneshop.no/www/node_modules/@angular/cdk/typings/esm5/a11y/key-manager'
2018-06-04 19:59:07: Create Folder 'sftp://scp.domeneshop.no/www/node_modules/@angular/cdk/typings/esm5/a11y/live-announcer'
2018-06-04 19:59:07: Create Folder 'sftp://scp.domeneshop.no/www/node_modules/@angular/cdk/typings/esm5/accordion'
2018-06-04 19:59:07: Create Folder 'sftp://scp.domeneshop.no/www/node_modules/@angular/cdk/typings/esm5/bidi'
2018-06-04 19:59:07: Create Folder 'sftp://scp.domeneshop.no/www/node_modules/@angular/cdk/typings/esm5/coercion'
2018-06-04 19:59:07: Create Folder 'sftp://scp.domeneshop.no/www/node_modules/@angular/cdk/typings/esm5/collections'
2018-06-04 19:59:07: Create Folder 'sftp://scp.domeneshop.no/www/node_modules/@angular/cdk/typings/esm5/keycodes'
2018-06-04 19:59:07: Create Folder 'sftp://scp.domeneshop.no/www/node_modules/@angular/cdk/typings/esm5/layout'
2018-06-04 19:59:07: Create Folder 'sftp://scp.domeneshop.no/www/node_modules/@angular/cdk/typings/esm5/observers'
2018-06-04 19:59:07: Create Folder 'sftp://scp.domeneshop.no/www/node_modules/@angular/cdk/typings/esm5/overlay'
2018-06-04 19:59:07: Create Folder 'sftp://scp.domeneshop.no/www/node_modules/@angular/cdk/typings/esm5/overlay/keyboard'
2018-06-04 19:59:07: Create Folder 'sftp://scp.domeneshop.no/www/node_modules/@angular/cdk/typings/esm5/overlay/position'
2018-06-04 19:59:07: Create Folder 'sftp://scp.domeneshop.no/www/node_modules/@angular/cdk/typings/esm5/overlay/scroll'
2018-06-04 19:59:07: Create Folder 'sftp://scp.domeneshop.no/www/node_modules/@angular/cdk/typings/esm5/platform'
2018-06-04 19:59:07: Create Folder 'sftp://scp.domeneshop.no/www/node_modules/@angular/cdk/typings/esm5/portal'
2018-06-04 19:59:07: Create Folder 'sftp://scp.domeneshop.no/www/node_modules/@angular/cdk/typings/esm5/scrolling'
2018-06-04 19:59:07: Create Folder 'sftp://scp.domeneshop.no/www/node_modules/@angular/cdk/typings/esm5/stepper'
2018-06-04 19:59:07: Create Folder 'sftp://scp.domeneshop.no/www/node_modules/@angular/cdk/typings/esm5/table'
2018-06-04 19:59:07: Create Folder 'sftp://scp.domeneshop.no/www/node_modules/@angular/cdk/typings/esm5/text-field'
2018-06-04 19:59:07: Create Folder 'sftp://scp.domeneshop.no/www/node_modules/@angular/cdk/typings/esm5/tree'
2018-06-04 19:59:07: Create Folder 'sftp://scp.domeneshop.no/www/node_modules/@angular/cdk/typings/esm5/tree/control'
2018-06-04 19:59:07: Create Folder 'sftp://scp.domeneshop.no/www/node_modules/@angular/cdk/typings/keycodes'
2018-06-04 19:59:07: Create Folder 'sftp://scp.domeneshop.no/www/node_modules/@angular/cdk/typings/layout'
2018-06-04 19:59:07: Create Folder 'sftp://scp.domeneshop.no/www/node_modules/@angular/cdk/typings/observers'
2018-06-04 19:59:07: Create Folder 'sftp://scp.domeneshop.no/www/node_modules/@angular/cdk/typings/overlay'
2018-06-04 19:59:07: Create Folder 'sftp://scp.domeneshop.no/www/node_modules/@angular/cdk/typings/overlay/keyboard'
2018-06-04 19:59:07: Create Folder 'sftp://scp.domeneshop.no/www/node_modules/@angular/cdk/typings/overlay/position'
2018-06-04 19:59:07: Create Folder 'sftp://scp.domeneshop.no/www/node_modules/@angular/cdk/typings/overlay/scroll'
2018-06-04 19:59:07: Create Folder 'sftp://scp.domeneshop.no/www/node_modules/@angular/cdk/typings/platform'
2018-06-04 19:59:07: Create Folder 'sftp://scp.domeneshop.no/www/node_modules/@angular/cdk/typings/portal'
2018-06-04 19:59:07: Create Folder 'sftp://scp.domeneshop.no/www/node_modules/@angular/cdk/typings/scrolling'
2018-06-04 19:59:07: Create Folder 'sftp://scp.domeneshop.no/www/node_modules/@angular/cdk/typings/stepper'
2018-06-04 19:59:07: Create Folder 'sftp://scp.domeneshop.no/www/node_modules/@angular/cdk/typings/table'
2018-06-04 19:59:07: Create Folder 'sftp://scp.domeneshop.no/www/node_modules/@angular/cdk/typings/text-field'
2018-06-04 19:59:07: Create Folder 'sftp://scp.domeneshop.no/www/node_modules/@angular/cdk/typings/tree'
2018-06-04 19:59:07: Create Folder 'sftp://scp.domeneshop.no/www/node_modules/@angular/cdk/typings/tree/control'
2018-06-04 19:59:07: Create Folder 'sftp://scp.domeneshop.no/www/node_modules/@angular/cli'
2018-06-04 19:59:07: Create Folder 'sftp://scp.domeneshop.no/www/node_modules/@angular/cli/bin'
2018-06-04 19:59:07: Create Folder 'sftp://scp.domeneshop.no/www/node_modules/@angular/cli/commands'
2018-06-04 19:59:07: Create Folder 'sftp://scp.domeneshop.no/www/node_modules/@angular/cli/lib'
2018-06-04 19:59:07: Create Folder 'sftp://scp.domeneshop.no/www/node_modules/@angular/cli/lib/cli'
2018-06-04 19:59:07: Create Folder 'sftp://scp.domeneshop.no/www/node_modules/@angular/cli/lib/config'
2018-06-04 19:59:07: Create Folder 'sftp://scp.domeneshop.no/www/node_modules/@angular/cli/models'
2018-06-04 19:59:08: Create Folder 'sftp://scp.domeneshop.no/www/node_modules/@angular/cli/node_modules'
2018-06-04 19:59:08: Create Folder 'sftp://scp.domeneshop.no/www/node_modules/@angular/cli/node_modules/camelcase'
2018-06-04 19:59:08: Create Folder 'sftp://scp.domeneshop.no/www/node_modules/@angular/cli/node_modules/yargs-parser'
2018-06-04 19:59:08: Create Folder 'sftp://scp.domeneshop.no/www/node_modules/@angular/cli/node_modules/yargs-parser/lib'
2018-06-04 19:59:08: Create Folder 'sftp://scp.domeneshop.no/www/node_modules/@angular/cli/plugins'
2018-06-04 19:59:08: Create Folder 'sftp://scp.domeneshop.no/www/node_modules/@angular/cli/tasks'
2018-06-04 19:59:08: Create Folder 'sftp://scp.domeneshop.no/www/node_modules/@angular/cli/upgrade'
2018-06-04 19:59:08: Create Folder 'sftp://scp.domeneshop.no/www/node_modules/@angular/cli/utilities'
2018-06-04 19:59:08: Create Folder 'sftp://scp.domeneshop.no/www/node_modules/@angular/common'
2018-06-04 19:59:08: Create Folder 'sftp://scp.domeneshop.no/www/node_modules/@angular/common/bundles'
2018-06-04 19:59:08: Create Folder 'sftp://scp.domeneshop.no/www/node_modules/@angular/common/esm2015'
2018-06-04 19:59:08: Create Folder 'sftp://scp.domeneshop.no/www/node_modules/@angular/common/esm2015/http'
2018-06-04 19:59:08: Create Folder 'sftp://scp.domeneshop.no/www/node_modules/@angular/common/esm2015/http/src'
2018-06-04 19:59:08: Create Folder 'sftp://scp.domeneshop.no/www/node_modules/@angular/common/esm2015/http/testing'
2018-06-04 19:59:08: Create Folder 'sftp://scp.domeneshop.no/www/node_modules/@angular/common/esm2015/http/testing/src'
2018-06-04 19:59:08: Create Folder 'sftp://scp.domeneshop.no/www/node_modules/@angular/common/esm2015/src'
2018-06-04 19:59:08: Create Folder 'sftp://scp.domeneshop.no/www/node_modules/@angular/common/esm2015/src/directives'
2018-06-04 19:59:08: Create Folder 'sftp://scp.domeneshop.no/www/node_modules/@angular/common/esm2015/src/i18n'
2018-06-04 19:59:08: Create Folder 'sftp://scp.domeneshop.no/www/node_modules/@angular/common/esm2015/src/location'
2018-06-04 19:59:08: Create Folder 'sftp://scp.domeneshop.no/www/node_modules/@angular/common/esm2015/src/pipes'
2018-06-04 19:59:08: Create Folder 'sftp://scp.domeneshop.no/www/node_modules/@angular/common/esm2015/src/pipes/deprecated'
2018-06-04 19:59:08: Create Folder 'sftp://scp.domeneshop.no/www/node_modules/@angular/common/esm2015/testing'
2018-06-04 19:59:08: Create Folder 'sftp://scp.domeneshop.no/www/node_modules/@angular/common/esm2015/testing/src'
2018-06-04 19:59:08: Create Folder 'sftp://scp.domeneshop.no/www/node_modules/@angular/common/esm5'
2018-06-04 19:59:08: Create Folder 'sftp://scp.domeneshop.no/www/node_modules/@angular/common/esm5/http'
2018-06-04 19:59:08: Create Folder 'sftp://scp.domeneshop.no/www/node_modules/@angular/common/esm5/http/src'
2018-06-04 19:59:08: Create Folder 'sftp://scp.domeneshop.no/www/node_modules/@angular/common/esm5/http/testing'
2018-06-04 19:59:08: Create Folder 'sftp://scp.domeneshop.no/www/node_modules/@angular/common/esm5/http/testing/src'
2018-06-04 19:59:08: Create Folder 'sftp://scp.domeneshop.no/www/node_modules/@angular/common/esm5/src'
2018-06-04 19:59:08: Create Folder 'sftp://scp.domeneshop.no/www/node_modules/@angular/common/esm5/src/directives'
2018-06-04 19:59:08: Create Folder 'sftp://scp.domeneshop.no/www/node_modules/@angular/common/esm5/src/i18n'
2018-06-04 19:59:08: Create Folder 'sftp://scp.domeneshop.no/www/node_modules/@angular/common/esm5/src/location'
2018-06-04 19:59:08: Create Folder 'sftp://scp.domeneshop.no/www/node_modules/@angular/common/esm5/src/pipes'
2018-06-04 19:59:08: Create Folder 'sftp://scp.domeneshop.no/www/node_modules/@angular/common/esm5/src/pipes/deprecated'
2018-06-04 19:59:08: Create Folder 'sftp://scp.domeneshop.no/www/node_modules/@angular/common/esm5/testing'
2018-06-04 19:59:08: Create Folder 'sftp://scp.domeneshop.no/www/node_modules/@angular/common/esm5/testing/src'
2018-06-04 19:59:08: Create Folder 'sftp://scp.domeneshop.no/www/node_modules/@angular/common/fesm2015'
2018-06-04 19:59:08: Create Folder 'sftp://scp.domeneshop.no/www/node_modules/@angular/common/fesm2015/http'
2018-06-04 19:59:08: Create Folder 'sftp://scp.domeneshop.no/www/node_modules/@angular/common/fesm5'
2018-06-04 19:59:08: Create Folder 'sftp://scp.domeneshop.no/www/node_modules/@angular/common/fesm5/http'
2018-06-04 19:59:08: Create Folder 'sftp://scp.domeneshop.no/www/node_modules/@angular/common/http'
2018-06-04 19:59:08: Create Folder 'sftp://scp.domeneshop.no/www/node_modules/@angular/common/http/src'
2018-06-04 19:59:08: Create Folder 'sftp://scp.domeneshop.no/www/node_modules/@angular/common/http/testing'
2018-06-04 19:59:08: Create Folder 'sftp://scp.domeneshop.no/www/node_modules/@angular/common/http/testing/src'
2018-06-04 19:59:08: Create Folder 'sftp://scp.domeneshop.no/www/node_modules/@angular/common/locales'
2018-06-04 19:59:08: Create Folder 'sftp://scp.domeneshop.no/www/node_modules/@angular/common/locales/extra'
2018-06-04 19:59:08: Create Folder 'sftp://scp.domeneshop.no/www/node_modules/@angular/common/src'
2018-06-04 19:59:08: Create Folder 'sftp://scp.domeneshop.no/www/node_modules/@angular/common/src/directives'
2018-06-04 19:59:08: Create Folder 'sftp://scp.domeneshop.no/www/node_modules/@angular/common/src/i18n'
2018-06-04 19:59:08: Create Folder 'sftp://scp.domeneshop.no/www/node_modules/@angular/common/src/location'
2018-06-04 19:59:08: Create Folder 'sftp://scp.domeneshop.no/www/node_modules/@angular/common/src/pipes'
2018-06-04 19:59:08: Create Folder 'sftp://scp.domeneshop.no/www/node_modules/@angular/common/src/pipes/deprecated'
2018-06-04 19:59:08: Create Folder 'sftp://scp.domeneshop.no/www/node_modules/@angular/common/testing'
2018-06-04 19:59:08: Create Folder 'sftp://scp.domeneshop.no/www/node_modules/@angular/common/testing/src'
2018-06-04 19:59:08: Create Folder 'sftp://scp.domeneshop.no/www/node_modules/@angular/compiler'
2018-06-04 19:59:08: Create Folder 'sftp://scp.domeneshop.no/www/node_modules/@angular/compiler/bundles'
2018-06-04 19:59:08: Create Folder 'sftp://scp.domeneshop.no/www/node_modules/@angular/compiler/esm2015'
2018-06-04 19:59:08: Create Folder 'sftp://scp.domeneshop.no/www/node_modules/@angular/compiler/esm2015/src'
2018-06-04 19:59:08: Create Folder 'sftp://scp.domeneshop.no/www/node_modules/@angular/compiler/esm2015/src/aot'
2018-06-04 19:59:08: Create Folder 'sftp://scp.domeneshop.no/www/node_modules/@angular/compiler/esm2015/src/compiler_util'
2018-06-04 19:59:08: Create Folder 'sftp://scp.domeneshop.no/www/node_modules/@angular/compiler/esm2015/src/css_parser'
2018-06-04 19:59:08: Create Folder 'sftp://scp.domeneshop.no/www/node_modules/@angular/compiler/esm2015/src/expression_parser'
2018-06-04 19:59:08: Create Folder 'sftp://scp.domeneshop.no/www/node_modules/@angular/compiler/esm2015/src/i18n'
2018-06-04 19:59:08: Create Folder 'sftp://scp.domeneshop.no/www/node_modules/@angular/compiler/esm2015/src/i18n/serializers'
2018-06-04 19:59:08: Create Folder 'sftp://scp.domeneshop.no/www/node_modules/@angular/compiler/esm2015/src/jit'
2018-06-04 19:59:08: Create Folder 'sftp://scp.domeneshop.no/www/node_modules/@angular/compiler/esm2015/src/ml_parser'
2018-06-04 19:59:08: Create Folder 'sftp://scp.domeneshop.no/www/node_modules/@angular/compiler/esm2015/src/output'
2018-06-04 19:59:09: Create Folder 'sftp://scp.domeneshop.no/www/node_modules/@angular/compiler/esm2015/src/render3'
2018-06-04 19:59:09: Create Folder 'sftp://scp.domeneshop.no/www/node_modules/@angular/compiler/esm2015/src/schema'
2018-06-04 19:59:09: Create Folder 'sftp://scp.domeneshop.no/www/node_modules/@angular/compiler/esm2015/src/template_parser'
2018-06-04 19:59:09: Create Folder 'sftp://scp.domeneshop.no/www/node_modules/@angular/compiler/esm2015/src/view_compiler'
2018-06-04 19:59:09: Create Folder 'sftp://scp.domeneshop.no/www/node_modules/@angular/compiler/esm2015/testing'
2018-06-04 19:59:09: Create Folder 'sftp://scp.domeneshop.no/www/node_modules/@angular/compiler/esm2015/testing/src'
2018-06-04 19:59:09: Create Folder 'sftp://scp.domeneshop.no/www/node_modules/@angular/compiler/esm2015/testing/src/output'
2018-06-04 19:59:09: Create Folder 'sftp://scp.domeneshop.no/www/node_modules/@angular/compiler/esm5'
2018-06-04 19:59:09: Create Folder 'sftp://scp.domeneshop.no/www/node_modules/@angular/compiler/esm5/src'
2018-06-04 19:59:09: Create Folder 'sftp://scp.domeneshop.no/www/node_modules/@angular/compiler/esm5/src/aot'
2018-06-04 19:59:09: Create Folder 'sftp://scp.domeneshop.no/www/node_modules/@angular/compiler/esm5/src/compiler_util'
2018-06-04 19:59:09: Create Folder 'sftp://scp.domeneshop.no/www/node_modules/@angular/compiler/esm5/src/css_parser'
2018-06-04 19:59:09: Create Folder 'sftp://scp.domeneshop.no/www/node_modules/@angular/compiler/esm5/src/expression_parser'
2018-06-04 19:59:09: Create Folder 'sftp://scp.domeneshop.no/www/node_modules/@angular/compiler/esm5/src/i18n'
2018-06-04 19:59:09: Create Folder 'sftp://scp.domeneshop.no/www/node_modules/@angular/compiler/esm5/src/i18n/serializers'
2018-06-04 19:59:09: Create Folder 'sftp://scp.domeneshop.no/www/node_modules/@angular/compiler/esm5/src/jit'
2018-06-04 19:59:09: Create Folder 'sftp://scp.domeneshop.no/www/node_modules/@angular/compiler/esm5/src/ml_parser'
2018-06-04 19:59:09: Create Folder 'sftp://scp.domeneshop.no/www/node_modules/@angular/compiler/esm5/src/output'
2018-06-04 19:59:09: Create Folder 'sftp://scp.domeneshop.no/www/node_modules/@angular/compiler/esm5/src/render3'
2018-06-04 19:59:09: Create Folder 'sftp://scp.domeneshop.no/www/node_modules/@angular/compiler/esm5/src/schema'
2018-06-04 19:59:09: Create Folder 'sftp://scp.domeneshop.no/www/node_modules/@angular/compiler/esm5/src/template_parser'
2018-06-04 19:59:09: Create Folder 'sftp://scp.domeneshop.no/www/node_modules/@angular/compiler/esm5/src/view_compiler'
2018-06-04 19:59:09: Create Folder 'sftp://scp.domeneshop.no/www/node_modules/@angular/compiler/esm5/testing'
2018-06-04 19:59:09: Create Folder 'sftp://scp.domeneshop.no/www/node_modules/@angular/compiler/esm5/testing/src'
2018-06-04 19:59:09: Create Folder 'sftp://scp.domeneshop.no/www/node_modules/@angular/compiler/esm5/testing/src/output'
2018-06-04 19:59:09: Create Folder 'sftp://scp.domeneshop.no/www/node_modules/@angular/compiler/fesm2015'
2018-06-04 19:59:09: Create Folder 'sftp://scp.domeneshop.no/www/node_modules/@angular/compiler/fesm5'
2018-06-04 19:59:09: Create Folder 'sftp://scp.domeneshop.no/www/node_modules/@angular/compiler/src'
2018-06-04 19:59:09: Create Folder 'sftp://scp.domeneshop.no/www/node_modules/@angular/compiler/src/aot'
2018-06-04 19:59:09: Create Folder 'sftp://scp.domeneshop.no/www/node_modules/@angular/compiler/src/compiler_util'
2018-06-04 19:59:09: Create Folder 'sftp://scp.domeneshop.no/www/node_modules/@angular/compiler/src/css_parser'
2018-06-04 19:59:09: Create Folder 'sftp://scp.domeneshop.no/www/node_modules/@angular/compiler/src/expression_parser'
2018-06-04 19:59:09: Create Folder 'sftp://scp.domeneshop.no/www/node_modules/@angular/compiler/src/i18n'
2018-06-04 19:59:09: Create Folder 'sftp://scp.domeneshop.no/www/node_modules/@angular/compiler/src/i18n/serializers'
2018-06-04 19:59:09: Create Folder 'sftp://scp.domeneshop.no/www/node_modules/@angular/compiler/src/jit'
2018-06-04 19:59:09: Create Folder 'sftp://scp.domeneshop.no/www/node_modules/@angular/compiler/src/ml_parser'
2018-06-04 19:59:09: Create Folder 'sftp://scp.domeneshop.no/www/node_modules/@angular/compiler/src/output'
2018-06-04 19:59:09: Create Folder 'sftp://scp.domeneshop.no/www/node_modules/@angular/compiler/src/render3'
2018-06-04 19:59:09: Create Folder 'sftp://scp.domeneshop.no/www/node_modules/@angular/compiler/src/schema'
2018-06-04 19:59:09: Create Folder 'sftp://scp.domeneshop.no/www/node_modules/@angular/compiler/src/template_parser'
2018-06-04 19:59:09: Create Folder 'sftp://scp.domeneshop.no/www/node_modules/@angular/compiler/src/view_compiler'
2018-06-04 19:59:09: Create Folder 'sftp://scp.domeneshop.no/www/node_modules/@angular/compiler/testing'
2018-06-04 19:59:09: Create Folder 'sftp://scp.domeneshop.no/www/node_modules/@angular/compiler/testing/src'
2018-06-04 19:59:09: Create Folder 'sftp://scp.domeneshop.no/www/node_modules/@angular/compiler/testing/src/output'
2018-06-04 19:59:09: Create Folder 'sftp://scp.domeneshop.no/www/node_modules/@angular/compiler-cli'
2018-06-04 19:59:09: Create Folder 'sftp://scp.domeneshop.no/www/node_modules/@angular/compiler-cli/node_modules'
2018-06-04 19:59:09: Create Folder 'sftp://scp.domeneshop.no/www/node_modules/@angular/compiler-cli/node_modules/anymatch'
2018-06-04 19:59:09: Create Folder 'sftp://scp.domeneshop.no/www/node_modules/@angular/compiler-cli/node_modules/arr-diff'
2018-06-04 19:59:09: Create Folder 'sftp://scp.domeneshop.no/www/node_modules/@angular/compiler-cli/node_modules/array-unique'
2018-06-04 19:59:09: Create Folder 'sftp://scp.domeneshop.no/www/node_modules/@angular/compiler-cli/node_modules/braces'
2018-06-04 19:59:09: Create Folder 'sftp://scp.domeneshop.no/www/node_modules/@angular/compiler-cli/node_modules/chokidar'
2018-06-04 19:59:09: Create Folder 'sftp://scp.domeneshop.no/www/node_modules/@angular/compiler-cli/node_modules/chokidar/lib'
2018-06-04 19:59:09: Create Folder 'sftp://scp.domeneshop.no/www/node_modules/@angular/compiler-cli/node_modules/expand-brackets'
2018-06-04 19:59:09: Create Folder 'sftp://scp.domeneshop.no/www/node_modules/@angular/compiler-cli/node_modules/extglob'
2018-06-04 19:59:09: Create Folder 'sftp://scp.domeneshop.no/www/node_modules/@angular/compiler-cli/node_modules/glob-parent'
2018-06-04 19:59:09: Create Folder 'sftp://scp.domeneshop.no/www/node_modules/@angular/compiler-cli/node_modules/is-extglob'
2018-06-04 19:59:09: Create Folder 'sftp://scp.domeneshop.no/www/node_modules/@angular/compiler-cli/node_modules/is-glob'
2018-06-04 19:59:09: Create Folder 'sftp://scp.domeneshop.no/www/node_modules/@angular/compiler-cli/node_modules/kind-of'
2018-06-04 19:59:09: Create Folder 'sftp://scp.domeneshop.no/www/node_modules/@angular/compiler-cli/node_modules/micromatch'
2018-06-04 19:59:09: Create Folder 'sftp://scp.domeneshop.no/www/node_modules/@angular/compiler-cli/node_modules/micromatch/lib'
2018-06-04 19:59:09: Create Folder 'sftp://scp.domeneshop.no/www/node_modules/@angular/compiler-cli/node_modules/minimist'
2018-06-04 19:59:09: Create Folder 'sftp://scp.domeneshop.no/www/node_modules/@angular/compiler-cli/node_modules/minimist/example'
2018-06-04 19:59:09: Create Folder 'sftp://scp.domeneshop.no/www/node_modules/@angular/compiler-cli/node_modules/minimist/test'
2018-06-04 19:59:09: Create Folder 'sftp://scp.domeneshop.no/www/node_modules/@angular/compiler-cli/src'
2018-06-04 19:59:09: Create Folder 'sftp://scp.domeneshop.no/www/node_modules/@angular/compiler-cli/src/diagnostics'
2018-06-04 19:59:09: Create Folder 'sftp://scp.domeneshop.no/www/node_modules/@angular/compiler-cli/src/metadata'
2018-06-04 19:59:09: Create Folder 'sftp://scp.domeneshop.no/www/node_modules/@angular/compiler-cli/src/transformers'
2018-06-04 19:59:09: Create Folder 'sftp://scp.domeneshop.no/www/node_modules/@angular/core'
2018-06-04 19:59:09: Create Folder 'sftp://scp.domeneshop.no/www/node_modules/@angular/core/bundles'
2018-06-04 19:59:09: Create Folder 'sftp://scp.domeneshop.no/www/node_modules/@angular/core/esm2015'
2018-06-04 19:59:09: Create Folder 'sftp://scp.domeneshop.no/www/node_modules/@angular/core/esm2015/src'
2018-06-04 19:59:09: Create Folder 'sftp://scp.domeneshop.no/www/node_modules/@angular/core/esm2015/src/change_detection'
2018-06-04 19:59:09: Create Folder 'sftp://scp.domeneshop.no/www/node_modules/@angular/core/esm2015/src/change_detection/differs'
2018-06-04 19:59:09: Create Folder 'sftp://scp.domeneshop.no/www/node_modules/@angular/core/esm2015/src/debug'
2018-06-04 19:59:09: Create Folder 'sftp://scp.domeneshop.no/www/node_modules/@angular/core/esm2015/src/di'
2018-06-04 19:59:09: Create Folder 'sftp://scp.domeneshop.no/www/node_modules/@angular/core/esm2015/src/i18n'
2018-06-04 19:59:09: Create Folder 'sftp://scp.domeneshop.no/www/node_modules/@angular/core/esm2015/src/linker'
2018-06-04 19:59:09: Create Folder 'sftp://scp.domeneshop.no/www/node_modules/@angular/core/esm2015/src/metadata'
2018-06-04 19:59:09: Create Folder 'sftp://scp.domeneshop.no/www/node_modules/@angular/core/esm2015/src/profile'
2018-06-04 19:59:09: Create Folder 'sftp://scp.domeneshop.no/www/node_modules/@angular/core/esm2015/src/reflection'
2018-06-04 19:59:09: Create Folder 'sftp://scp.domeneshop.no/www/node_modules/@angular/core/esm2015/src/render'
2018-06-04 19:59:09: Create Folder 'sftp://scp.domeneshop.no/www/node_modules/@angular/core/esm2015/src/render3'
2018-06-04 19:59:09: Create Folder 'sftp://scp.domeneshop.no/www/node_modules/@angular/core/esm2015/src/render3/interfaces'
2018-06-04 19:59:09: Create Folder 'sftp://scp.domeneshop.no/www/node_modules/@angular/core/esm2015/src/sanitization'
2018-06-04 19:59:09: Create Folder 'sftp://scp.domeneshop.no/www/node_modules/@angular/core/esm2015/src/testability'
2018-06-04 19:59:09: Create Folder 'sftp://scp.domeneshop.no/www/node_modules/@angular/core/esm2015/src/util'
2018-06-04 19:59:09: Create Folder 'sftp://scp.domeneshop.no/www/node_modules/@angular/core/esm2015/src/view'
2018-06-04 19:59:09: Create Folder 'sftp://scp.domeneshop.no/www/node_modules/@angular/core/esm2015/src/zone'
2018-06-04 19:59:09: Create Folder 'sftp://scp.domeneshop.no/www/node_modules/@angular/core/esm2015/testing'
2018-06-04 19:59:09: Create Folder 'sftp://scp.domeneshop.no/www/node_modules/@angular/core/esm2015/testing/src'
2018-06-04 19:59:09: Create Folder 'sftp://scp.domeneshop.no/www/node_modules/@angular/core/esm5'
2018-06-04 19:59:10: Create Folder 'sftp://scp.domeneshop.no/www/node_modules/@angular/core/esm5/src'
2018-06-04 19:59:10: Create Folder 'sftp://scp.domeneshop.no/www/node_modules/@angular/core/esm5/src/change_detection'
2018-06-04 19:59:10: Create Folder 'sftp://scp.domeneshop.no/www/node_modules/@angular/core/esm5/src/change_detection/differs'
2018-06-04 19:59:10: Create Folder 'sftp://scp.domeneshop.no/www/node_modules/@angular/core/esm5/src/debug'
2018-06-04 19:59:10: Create Folder 'sftp://scp.domeneshop.no/www/node_modules/@angular/core/esm5/src/di'
2018-06-04 19:59:10: Create Folder 'sftp://scp.domeneshop.no/www/node_modules/@angular/core/esm5/src/i18n'
2018-06-04 19:59:10: Create Folder 'sftp://scp.domeneshop.no/www/node_modules/@angular/core/esm5/src/linker'
2018-06-04 19:59:10: Create Folder 'sftp://scp.domeneshop.no/www/node_modules/@angular/core/esm5/src/metadata'
2018-06-04 19:59:10: Create Folder 'sftp://scp.domeneshop.no/www/node_modules/@angular/core/esm5/src/profile'
2018-06-04 19:59:10: Create Folder 'sftp://scp.domeneshop.no/www/node_modules/@angular/core/esm5/src/reflection'
2018-06-04 19:59:10: Create Folder 'sftp://scp.domeneshop.no/www/node_modules/@angular/core/esm5/src/render'
2018-06-04 19:59:10: Create Folder 'sftp://scp.domeneshop.no/www/node_modules/@angular/core/esm5/src/render3'
2018-06-04 19:59:10: Create Folder 'sftp://scp.domeneshop.no/www/node_modules/@angular/core/esm5/src/render3/interfaces'
2018-06-04 19:59:10: Create Folder 'sftp://scp.domeneshop.no/www/node_modules/@angular/core/esm5/src/sanitization'
2018-06-04 19:59:10: Create Folder 'sftp://scp.domeneshop.no/www/node_modules/@angular/core/esm5/src/testability'
2018-06-04 19:59:10: Create Folder 'sftp://scp.domeneshop.no/www/node_modules/@angular/core/esm5/src/util'
2018-06-04 19:59:10: Create Folder 'sftp://scp.domeneshop.no/www/node_modules/@angular/core/esm5/src/view'
2018-06-04 19:59:10: Create Folder 'sftp://scp.domeneshop.no/www/node_modules/@angular/core/esm5/src/zone'
2018-06-04 19:59:10: Create Folder 'sftp://scp.domeneshop.no/www/node_modules/@angular/core/esm5/testing'
2018-06-04 19:59:10: Create Folder 'sftp://scp.domeneshop.no/www/node_modules/@angular/core/esm5/testing/src'
2018-06-04 19:59:10: Create Folder 'sftp://scp.domeneshop.no/www/node_modules/@angular/core/fesm2015'
2018-06-04 19:59:10: Create Folder 'sftp://scp.domeneshop.no/www/node_modules/@angular/core/fesm5'
2018-06-04 19:59:10: Create Folder 'sftp://scp.domeneshop.no/www/node_modules/@angular/core/src'
2018-06-04 19:59:10: Create Folder 'sftp://scp.domeneshop.no/www/node_modules/@angular/core/src/change_detection'
2018-06-04 19:59:10: Create Folder 'sftp://scp.domeneshop.no/www/node_modules/@angular/core/src/change_detection/differs'
2018-06-04 19:59:10: Create Folder 'sftp://scp.domeneshop.no/www/node_modules/@angular/core/src/debug'
2018-06-04 19:59:10: Create Folder 'sftp://scp.domeneshop.no/www/node_modules/@angular/core/src/di'
2018-06-04 19:59:10: Create Folder 'sftp://scp.domeneshop.no/www/node_modules/@angular/core/src/i18n'
2018-06-04 19:59:10: Create Folder 'sftp://scp.domeneshop.no/www/node_modules/@angular/core/src/linker'
2018-06-04 19:59:10: Create Folder 'sftp://scp.domeneshop.no/www/node_modules/@angular/core/src/metadata'
2018-06-04 19:59:10: Create Folder 'sftp://scp.domeneshop.no/www/node_modules/@angular/core/src/profile'
2018-06-04 19:59:10: Create Folder 'sftp://scp.domeneshop.no/www/node_modules/@angular/core/src/reflection'
2018-06-04 19:59:10: Create Folder 'sftp://scp.domeneshop.no/www/node_modules/@angular/core/src/render'
2018-06-04 19:59:10: Create Folder 'sftp://scp.domeneshop.no/www/node_modules/@angular/core/src/render3'
2018-06-04 19:59:10: Create Folder 'sftp://scp.domeneshop.no/www/node_modules/@angular/core/src/render3/interfaces'
2018-06-04 19:59:10: Create Folder 'sftp://scp.domeneshop.no/www/node_modules/@angular/core/src/sanitization'
2018-06-04 19:59:10: Create Folder 'sftp://scp.domeneshop.no/www/node_modules/@angular/core/src/testability'
2018-06-04 19:59:10: Create Folder 'sftp://scp.domeneshop.no/www/node_modules/@angular/core/src/util'
2018-06-04 19:59:10: Create Folder 'sftp://scp.domeneshop.no/www/node_modules/@angular/core/src/view'
2018-06-04 19:59:10: Create Folder 'sftp://scp.domeneshop.no/www/node_modules/@angular/core/src/zone'
2018-06-04 19:59:10: Create Folder 'sftp://scp.domeneshop.no/www/node_modules/@angular/core/testing'
2018-06-04 19:59:10: Create Folder 'sftp://scp.domeneshop.no/www/node_modules/@angular/core/testing/src'
2018-06-04 19:59:10: Create Folder 'sftp://scp.domeneshop.no/www/node_modules/@angular/forms'
2018-06-04 19:59:10: Create Folder 'sftp://scp.domeneshop.no/www/node_modules/@angular/forms/bundles'
2018-06-04 19:59:10: Create Folder 'sftp://scp.domeneshop.no/www/node_modules/@angular/forms/esm2015'
2018-06-04 19:59:10: Create Folder 'sftp://scp.domeneshop.no/www/node_modules/@angular/forms/esm2015/src'
2018-06-04 19:59:10: Create Folder 'sftp://scp.domeneshop.no/www/node_modules/@angular/forms/esm2015/src/directives'
2018-06-04 19:59:10: Create Folder 'sftp://scp.domeneshop.no/www/node_modules/@angular/forms/esm2015/src/directives/reactive_directives'
2018-06-04 19:59:10: Create Folder 'sftp://scp.domeneshop.no/www/node_modules/@angular/forms/esm5'
2018-06-04 19:59:10: Create Folder 'sftp://scp.domeneshop.no/www/node_modules/@angular/forms/esm5/src'
2018-06-04 19:59:10: Create Folder 'sftp://scp.domeneshop.no/www/node_modules/@angular/forms/esm5/src/directives'
2018-06-04 19:59:10: Create Folder 'sftp://scp.domeneshop.no/www/node_modules/@angular/forms/esm5/src/directives/reactive_directives'
2018-06-04 19:59:10: Create Folder 'sftp://scp.domeneshop.no/www/node_modules/@angular/forms/fesm2015'
2018-06-04 19:59:10: Create Folder 'sftp://scp.domeneshop.no/www/node_modules/@angular/forms/fesm5'
2018-06-04 19:59:10: Create Folder 'sftp://scp.domeneshop.no/www/node_modules/@angular/forms/src'
2018-06-04 19:59:10: Create Folder 'sftp://scp.domeneshop.no/www/node_modules/@angular/forms/src/directives'
2018-06-04 19:59:10: Create Folder 'sftp://scp.domeneshop.no/www/node_modules/@angular/forms/src/directives/reactive_directives'
2018-06-04 19:59:10: Create Folder 'sftp://scp.domeneshop.no/www/node_modules/@angular/http'
2018-06-04 19:59:10: Create Folder 'sftp://scp.domeneshop.no/www/node_modules/@angular/http/bundles'
2018-06-04 19:59:10: Create Folder 'sftp://scp.domeneshop.no/www/node_modules/@angular/http/esm2015'
2018-06-04 19:59:10: Create Folder 'sftp://scp.domeneshop.no/www/node_modules/@angular/http/esm2015/src'
2018-06-04 19:59:10: Create Folder 'sftp://scp.domeneshop.no/www/node_modules/@angular/http/esm2015/src/backends'
2018-06-04 19:59:10: Create Folder 'sftp://scp.domeneshop.no/www/node_modules/@angular/http/esm2015/testing'
2018-06-04 19:59:10: Create Folder 'sftp://scp.domeneshop.no/www/node_modules/@angular/http/esm2015/testing/src'
2018-06-04 19:59:10: Create Folder 'sftp://scp.domeneshop.no/www/node_modules/@angular/http/esm5'
2018-06-04 19:59:10: Create Folder 'sftp://scp.domeneshop.no/www/node_modules/@angular/http/esm5/src'
2018-06-04 19:59:10: Create Folder 'sftp://scp.domeneshop.no/www/node_modules/@angular/http/esm5/src/backends'
2018-06-04 19:59:10: Create Folder 'sftp://scp.domeneshop.no/www/node_modules/@angular/http/esm5/testing'
2018-06-04 19:59:10: Create Folder 'sftp://scp.domeneshop.no/www/node_modules/@angular/http/esm5/testing/src'
2018-06-04 19:59:10: Create Folder 'sftp://scp.domeneshop.no/www/node_modules/@angular/http/fesm2015'
2018-06-04 19:59:10: Create Folder 'sftp://scp.domeneshop.no/www/node_modules/@angular/http/fesm5'
2018-06-04 19:59:10: Create Folder 'sftp://scp.domeneshop.no/www/node_modules/@angular/http/src'
2018-06-04 19:59:10: Create Folder 'sftp://scp.domeneshop.no/www/node_modules/@angular/http/src/backends'
2018-06-04 19:59:10: Create Folder 'sftp://scp.domeneshop.no/www/node_modules/@angular/http/testing'
2018-06-04 19:59:10: Create Folder 'sftp://scp.domeneshop.no/www/node_modules/@angular/http/testing/src'
2018-06-04 19:59:10: Create Folder 'sftp://scp.domeneshop.no/www/node_modules/@angular/language-service'
2018-06-04 19:59:10: Create Folder 'sftp://scp.domeneshop.no/www/node_modules/@angular/language-service/bundles'
2018-06-04 19:59:10: Create Folder 'sftp://scp.domeneshop.no/www/node_modules/@angular/language-service/src'
2018-06-04 19:59:10: Create Folder 'sftp://scp.domeneshop.no/www/node_modules/@angular/platform-browser'
2018-06-04 19:59:10: Create Folder 'sftp://scp.domeneshop.no/www/node_modules/@angular/platform-browser/animations'
2018-06-04 19:59:11: Create Folder 'sftp://scp.domeneshop.no/www/node_modules/@angular/platform-browser/animations/src'
2018-06-04 19:59:11: Create Folder 'sftp://scp.domeneshop.no/www/node_modules/@angular/platform-browser/bundles'
2018-06-04 19:59:11: Create Folder 'sftp://scp.domeneshop.no/www/node_modules/@angular/platform-browser/esm2015'
2018-06-04 19:59:11: Create Folder 'sftp://scp.domeneshop.no/www/node_modules/@angular/platform-browser/esm2015/animations'
2018-06-04 19:59:11: Create Folder 'sftp://scp.domeneshop.no/www/node_modules/@angular/platform-browser/esm2015/animations/src'
2018-06-04 19:59:11: Create Folder 'sftp://scp.domeneshop.no/www/node_modules/@angular/platform-browser/esm2015/src'
2018-06-04 19:59:11: Create Folder 'sftp://scp.domeneshop.no/www/node_modules/@angular/platform-browser/esm2015/src/browser'
2018-06-04 19:59:11: Create Folder 'sftp://scp.domeneshop.no/www/node_modules/@angular/platform-browser/esm2015/src/browser/location'
2018-06-04 19:59:11: Create Folder 'sftp://scp.domeneshop.no/www/node_modules/@angular/platform-browser/esm2015/src/browser/tools'
2018-06-04 19:59:11: Create Folder 'sftp://scp.domeneshop.no/www/node_modules/@angular/platform-browser/esm2015/src/dom'
2018-06-04 19:59:11: Create Folder 'sftp://scp.domeneshop.no/www/node_modules/@angular/platform-browser/esm2015/src/dom/debug'
2018-06-04 19:59:11: Create Folder 'sftp://scp.domeneshop.no/www/node_modules/@angular/platform-browser/esm2015/src/dom/events'
2018-06-04 19:59:11: Create Folder 'sftp://scp.domeneshop.no/www/node_modules/@angular/platform-browser/esm2015/src/security'
2018-06-04 19:59:11: Create Folder 'sftp://scp.domeneshop.no/www/node_modules/@angular/platform-browser/esm2015/testing'
2018-06-04 19:59:11: Create Folder 'sftp://scp.domeneshop.no/www/node_modules/@angular/platform-browser/esm2015/testing/src'
2018-06-04 19:59:11: Create Folder 'sftp://scp.domeneshop.no/www/node_modules/@angular/platform-browser/esm5'
2018-06-04 19:59:11: Create Folder 'sftp://scp.domeneshop.no/www/node_modules/@angular/platform-browser/esm5/animations'
2018-06-04 19:59:11: Create Folder 'sftp://scp.domeneshop.no/www/node_modules/@angular/platform-browser/esm5/animations/src'
2018-06-04 19:59:11: Create Folder 'sftp://scp.domeneshop.no/www/node_modules/@angular/platform-browser/esm5/src'
2018-06-04 19:59:11: Create Folder 'sftp://scp.domeneshop.no/www/node_modules/@angular/platform-browser/esm5/src/browser'
2018-06-04 19:59:11: Create Folder 'sftp://scp.domeneshop.no/www/node_modules/@angular/platform-browser/esm5/src/browser/location'
2018-06-04 19:59:11: Create Folder 'sftp://scp.domeneshop.no/www/node_modules/@angular/platform-browser/esm5/src/browser/tools'
2018-06-04 19:59:11: Create Folder 'sftp://scp.domeneshop.no/www/node_modules/@angular/platform-browser/esm5/src/dom'
2018-06-04 19:59:11: Create Folder 'sftp://scp.domeneshop.no/www/node_modules/@angular/platform-browser/esm5/src/dom/debug'
2018-06-04 19:59:11: Create Folder 'sftp://scp.domeneshop.no/www/node_modules/@angular/platform-browser/esm5/src/dom/events'
2018-06-04 19:59:11: Create Folder 'sftp://scp.domeneshop.no/www/node_modules/@angular/platform-browser/esm5/src/security'
2018-06-04 19:59:11: Create Folder 'sftp://scp.domeneshop.no/www/node_modules/@angular/platform-browser/esm5/testing'
2018-06-04 19:59:11: Create Folder 'sftp://scp.domeneshop.no/www/node_modules/@angular/platform-browser/esm5/testing/src'
2018-06-04 19:59:11: Create Folder 'sftp://scp.domeneshop.no/www/node_modules/@angular/platform-browser/fesm2015'
2018-06-04 19:59:11: Create Folder 'sftp://scp.domeneshop.no/www/node_modules/@angular/platform-browser/fesm5'
2018-06-04 19:59:11: Create Folder 'sftp://scp.domeneshop.no/www/node_modules/@angular/platform-browser/src'
2018-06-04 19:59:11: Create Folder 'sftp://scp.domeneshop.no/www/node_modules/@angular/platform-browser/src/browser'
2018-06-04 19:59:11: Create Folder 'sftp://scp.domeneshop.no/www/node_modules/@angular/platform-browser/src/browser/location'
2018-06-04 19:59:11: Create Folder 'sftp://scp.domeneshop.no/www/node_modules/@angular/platform-browser/src/browser/tools'
2018-06-04 19:59:11: Create Folder 'sftp://scp.domeneshop.no/www/node_modules/@angular/platform-browser/src/dom'
2018-06-04 19:59:11: Create Folder 'sftp://scp.domeneshop.no/www/node_modules/@angular/platform-browser/src/dom/debug'
2018-06-04 19:59:11: Create Folder 'sftp://scp.domeneshop.no/www/node_modules/@angular/platform-browser/src/dom/events'
2018-06-04 19:59:11: Create Folder 'sftp://scp.domeneshop.no/www/node_modules/@angular/platform-browser/src/security'
2018-06-04 19:59:11: Create Folder 'sftp://scp.domeneshop.no/www/node_modules/@angular/platform-browser/testing'
2018-06-04 19:59:11: Create Folder 'sftp://scp.domeneshop.no/www/node_modules/@angular/platform-browser/testing/src'
2018-06-04 19:59:11: Create Folder 'sftp://scp.domeneshop.no/www/node_modules/@angular/platform-browser-dynamic'
2018-06-04 19:59:11: Create Folder 'sftp://scp.domeneshop.no/www/node_modules/@angular/platform-browser-dynamic/bundles'
2018-06-04 19:59:11: Create Folder 'sftp://scp.domeneshop.no/www/node_modules/@angular/platform-browser-dynamic/esm2015'
2018-06-04 19:59:11: Create Folder 'sftp://scp.domeneshop.no/www/node_modules/@angular/platform-browser-dynamic/esm2015/src'
2018-06-04 19:59:11: Create Folder 'sftp://scp.domeneshop.no/www/node_modules/@angular/platform-browser-dynamic/esm2015/src/resource_loader'
2018-06-04 19:59:11: Stop requested by User Request: #1
2018-06-04 19:59:11: Cannot set Attrs of file sftp://scp.domeneshop.no/www/node_modules/@angular/platform-browser-dynamic/esm2015/testing: stopped by User Request
2018-06-04 19:59:11: Create Folder 'sftp://scp.domeneshop.no/www/node_modules/@angular/platform-browser-dynamic/esm2015/testing'
2018-06-04 19:59:11: stopped by User Request
2018-06-04 19:59:11: 
